Using pre-set license
Built from '2020.3/release' branch; Version is '2020.3.1f1 (77a89f25062f) revision 7841951'; Using compiler version '192528614'; Build Type 'Release'
OS: 'Windows 10 Education; OS build 18363.1556; Version 1909; 64bit' Language: 'fr' Physical Memory: 8077 MB
BatchMode: 1, IsHumanControllingUs: 0, StartBugReporterOnCrash: 0, Is64bit: 1, IsPro: 0

 COMMAND LINE ARGUMENTS:
C:\Program Files\Unity\Hub\Editor\2020.3.1f1\Editor\Unity.exe
-adb2
-batchMode
-noUpm
-name
AssetImportWorker0
-projectPath
C:/projet DEV/labyrinthe
-logFile
Logs/AssetImportWorker0.log
-srvPort
49706
Successfully changed project path to: C:/projet DEV/labyrinthe
C:/projet DEV/labyrinthe
Using Asset Import Pipeline V2.
Refreshing native plugins compatible for Editor in 56.81 ms, found 1 plugins.
Preloading 0 native plugins for Editor in 0.00 ms.
Initialize engine version: 2020.3.1f1 (77a89f25062f)
[Subsystems] Discovering subsystems at path C:/Program Files/Unity/Hub/Editor/2020.3.1f1/Editor/Data/Resources/UnitySubsystems
[Subsystems] Discovering subsystems at path C:/projet DEV/labyrinthe/Assets
GfxDevice: creating device client; threaded=0
Direct3D:
    Version:  Direct3D 11.0 [level 11.0]
    Renderer: NVIDIA GeForce GTX 960M (ID=0x139b)
    Vendor:   
    VRAM:     2010 MB
    Driver:   24.21.13.9901
Initialize mono
Mono path[0] = 'C:/Program Files/Unity/Hub/Editor/2020.3.1f1/Editor/Data/Managed'
Mono path[1] = 'C:/Program Files/Unity/Hub/Editor/2020.3.1f1/Editor/Data/MonoBleedingEdge/lib/mono/unityjit'
Mono config path = 'C:/Program Files/Unity/Hub/Editor/2020.3.1f1/Editor/Data/MonoBleedingEdge/etc'
Using monoOptions --debugger-agent=transport=dt_socket,embedding=1,server=y,suspend=n,address=127.0.0.1:56304
Begin MonoManager ReloadAssembly
Registering precompiled unity dll's ...
Register platform support module: C:/Program Files/Unity/Hub/Editor/2020.3.1f1/Editor/Data/PlaybackEngines/WindowsStandaloneSupport/UnityEditor.WindowsStandalone.Extensions.dll
Registered in 0.002692 seconds.
Native extension for WindowsStandalone target not found
Refreshing native plugins compatible for Editor in 58.58 ms, found 1 plugins.
Preloading 0 native plugins for Editor in 0.00 ms.
Invoked RoslynAnalysisRunner static constructor.
RoslynAnalysisRunner will not be running.
RoslynAnalysisRunner has terminated.
Mono: successfully reloaded assembly
- Completed reload, in  1.481 seconds
Platform modules already initialized, skipping
Registering precompiled user dll's ...
Registered in 0.001220 seconds.
Begin MonoManager ReloadAssembly
Native extension for WindowsStandalone target not found
Refreshing native plugins compatible for Editor in 46.59 ms, found 1 plugins.
Preloading 0 native plugins for Editor in 0.00 ms.
Invoked RoslynAnalysisRunner static constructor.
RoslynAnalysisRunner will not be running.
RoslynAnalysisRunner has terminated.
Mono: successfully reloaded assembly
- Completed reload, in  1.291 seconds
Platform modules already initialized, skipping
========================================================================
Worker process is ready to serve import requests
Launched and connected shader compiler UnityShaderCompiler.exe after 0.08 seconds
Refreshing native plugins compatible for Editor in 0.45 ms, found 1 plugins.
Preloading 0 native plugins for Editor in 0.00 ms.
Unloading 1839 Unused Serialized files (Serialized files now loaded: 0)
System memory in use before: 85.7 MB.
System memory in use after: 85.6 MB.

Unloading 24 unused Assets to reduce memory usage. Loaded Objects now: 2284.
Total: 3.101900 ms (FindLiveObjects: 0.509400 ms CreateObjectMapping: 0.139200 ms MarkObjects: 2.192500 ms  DeleteObjects: 0.258500 ms)

========================================================================
Received Import Request.
  path: Assets/Scenes/GridMap/scripts/Pathfinding.cs
  artifactKey: Guid(85bc7cdb309dc9846993f162709e2199) Importer(815301076,1909f56bfc062723c751e8b465ee728b)
Start importing Assets/Scenes/GridMap/scripts/Pathfinding.cs using Guid(85bc7cdb309dc9846993f162709e2199) Importer(815301076,1909f56bfc062723c751e8b465ee728b)  -> (artifact id: 'f1a15061945058cbbb859f29be4878b8') in 0.408953 seconds
  Import took 0.445453 seconds .

========================================================================
Received Prepare
Registering precompiled user dll's ...
Registered in 0.001896 seconds.
Begin MonoManager ReloadAssembly
Native extension for WindowsStandalone target not found
Refreshing native plugins compatible for Editor in 0.45 ms, found 1 plugins.
Preloading 0 native plugins for Editor in 0.00 ms.
Invoked RoslynAnalysisRunner static constructor.
RoslynAnalysisRunner will not be running.
RoslynAnalysisRunner has terminated.
Mono: successfully reloaded assembly
- Completed reload, in  1.099 seconds
Platform modules already initialized, skipping
Refreshing native plugins compatible for Editor in 0.43 ms, found 1 plugins.
Preloading 0 native plugins for Editor in 0.00 ms.
Unloading 1834 Unused Serialized files (Serialized files now loaded: 0)
System memory in use before: 85.6 MB.
System memory in use after: 85.6 MB.

Unloading 12 unused Assets to reduce memory usage. Loaded Objects now: 2288.
Total: 2.896600 ms (FindLiveObjects: 0.300400 ms CreateObjectMapping: 0.178900 ms MarkObjects: 2.243000 ms  DeleteObjects: 0.172500 ms)

========================================================================
Received Import Request.
  Time since last request: 320.552288 seconds.
  path: Assets/Scenes/GridMap/scripts/Pathfinding.cs
  artifactKey: Guid(85bc7cdb309dc9846993f162709e2199) Importer(815301076,1909f56bfc062723c751e8b465ee728b)
Start importing Assets/Scenes/GridMap/scripts/Pathfinding.cs using Guid(85bc7cdb309dc9846993f162709e2199) Importer(815301076,1909f56bfc062723c751e8b465ee728b)  -> (artifact id: '41f4ef246fdcd9fc87ef551fc07c16dc') in 0.007997 seconds
  Import took 0.011619 seconds .

========================================================================
Received Import Request.
  Time since last request: 0.001238 seconds.
  path: Assets/Scenes/GridMap/scripts/Pathfinding.cs
  artifactKey: Guid(85bc7cdb309dc9846993f162709e2199) Importer(815301076,1909f56bfc062723c751e8b465ee728b)
Start importing Assets/Scenes/GridMap/scripts/Pathfinding.cs using Guid(85bc7cdb309dc9846993f162709e2199) Importer(815301076,1909f56bfc062723c751e8b465ee728b)  -> (artifact id: '41f4ef246fdcd9fc87ef551fc07c16dc') in 0.004628 seconds
  Import took 0.008268 seconds .

========================================================================
Received Prepare
Registering precompiled user dll's ...
Registered in 0.003052 seconds.
Begin MonoManager ReloadAssembly
Native extension for WindowsStandalone target not found
Refreshing native plugins compatible for Editor in 0.67 ms, found 1 plugins.
Preloading 0 native plugins for Editor in 0.00 ms.
Invoked RoslynAnalysisRunner static constructor.
RoslynAnalysisRunner will not be running.
RoslynAnalysisRunner has terminated.
Mono: successfully reloaded assembly
- Completed reload, in  2.199 seconds
Platform modules already initialized, skipping
Refreshing native plugins compatible for Editor in 0.38 ms, found 1 plugins.
Preloading 0 native plugins for Editor in 0.00 ms.
Unloading 1834 Unused Serialized files (Serialized files now loaded: 0)
System memory in use before: 85.7 MB.
System memory in use after: 85.7 MB.

Unloading 12 unused Assets to reduce memory usage. Loaded Objects now: 2292.
Total: 3.105800 ms (FindLiveObjects: 0.315000 ms CreateObjectMapping: 0.090000 ms MarkObjects: 2.441000 ms  DeleteObjects: 0.257900 ms)

========================================================================
Received Prepare
Registering precompiled user dll's ...
Registered in 0.001276 seconds.
Begin MonoManager ReloadAssembly
Native extension for WindowsStandalone target not found
Refreshing native plugins compatible for Editor in 0.58 ms, found 1 plugins.
Preloading 0 native plugins for Editor in 0.00 ms.
Invoked RoslynAnalysisRunner static constructor.
RoslynAnalysisRunner will not be running.
RoslynAnalysisRunner has terminated.
Mono: successfully reloaded assembly
- Completed reload, in  1.187 seconds
Platform modules already initialized, skipping
Refreshing native plugins compatible for Editor in 0.60 ms, found 1 plugins.
Preloading 0 native plugins for Editor in 0.00 ms.
Unloading 1834 Unused Serialized files (Serialized files now loaded: 0)
System memory in use before: 85.7 MB.
System memory in use after: 85.7 MB.

Unloading 12 unused Assets to reduce memory usage. Loaded Objects now: 2296.
Total: 2.881300 ms (FindLiveObjects: 0.259900 ms CreateObjectMapping: 0.218100 ms MarkObjects: 2.218700 ms  DeleteObjects: 0.182500 ms)

========================================================================
Received Import Request.
  Time since last request: 53.119869 seconds.
  path: Assets/Scenes/GridMap/scripts/Pathfinding.cs
  artifactKey: Guid(85bc7cdb309dc9846993f162709e2199) Importer(815301076,1909f56bfc062723c751e8b465ee728b)
Start importing Assets/Scenes/GridMap/scripts/Pathfinding.cs using Guid(85bc7cdb309dc9846993f162709e2199) Importer(815301076,1909f56bfc062723c751e8b465ee728b)  -> (artifact id: '3abb4a45b621becb0cb2322435ab5ee4') in 0.006514 seconds
  Import took 0.010583 seconds .

========================================================================
Received Prepare
Registering precompiled user dll's ...
Registered in 0.001197 seconds.
Begin MonoManager ReloadAssembly
Native extension for WindowsStandalone target not found
Refreshing native plugins compatible for Editor in 0.49 ms, found 1 plugins.
Preloading 0 native plugins for Editor in 0.00 ms.
Invoked RoslynAnalysisRunner static constructor.
RoslynAnalysisRunner will not be running.
RoslynAnalysisRunner has terminated.
Mono: successfully reloaded assembly
- Completed reload, in  1.166 seconds
Platform modules already initialized, skipping
Refreshing native plugins compatible for Editor in 0.39 ms, found 1 plugins.
Preloading 0 native plugins for Editor in 0.00 ms.
Unloading 1834 Unused Serialized files (Serialized files now loaded: 0)
System memory in use before: 85.7 MB.
System memory in use after: 85.7 MB.

Unloading 12 unused Assets to reduce memory usage. Loaded Objects now: 2300.
Total: 2.499700 ms (FindLiveObjects: 0.252200 ms CreateObjectMapping: 0.095500 ms MarkObjects: 2.019700 ms  DeleteObjects: 0.130400 ms)

========================================================================
Received Prepare
Registering precompiled user dll's ...
Registered in 0.001600 seconds.
Begin MonoManager ReloadAssembly
Native extension for WindowsStandalone target not found
Refreshing native plugins compatible for Editor in 1.01 ms, found 1 plugins.
Preloading 0 native plugins for Editor in 0.00 ms.
Invoked RoslynAnalysisRunner static constructor.
RoslynAnalysisRunner will not be running.
RoslynAnalysisRunner has terminated.
Mono: successfully reloaded assembly
- Completed reload, in  2.579 seconds
Platform modules already initialized, skipping
Refreshing native plugins compatible for Editor in 0.46 ms, found 1 plugins.
Preloading 0 native plugins for Editor in 0.00 ms.
Unloading 1834 Unused Serialized files (Serialized files now loaded: 0)
System memory in use before: 85.7 MB.
System memory in use after: 85.7 MB.

Unloading 12 unused Assets to reduce memory usage. Loaded Objects now: 2304.
Total: 5.656000 ms (FindLiveObjects: 0.366000 ms CreateObjectMapping: 0.130800 ms MarkObjects: 4.969800 ms  DeleteObjects: 0.187500 ms)

========================================================================
Received Import Request.
  Time since last request: 162.241483 seconds.
  path: Assets/Scenes/GridMap/scripts/Pathfinding.cs
  artifactKey: Guid(85bc7cdb309dc9846993f162709e2199) Importer(815301076,1909f56bfc062723c751e8b465ee728b)
Start importing Assets/Scenes/GridMap/scripts/Pathfinding.cs using Guid(85bc7cdb309dc9846993f162709e2199) Importer(815301076,1909f56bfc062723c751e8b465ee728b)  -> (artifact id: '3d5451d50e6d9f307292571b61cac91d') in 0.044877 seconds
  Import took 0.062843 seconds .

========================================================================
Received Prepare
Registering precompiled user dll's ...
Registered in 0.001424 seconds.
Begin MonoManager ReloadAssembly
Native extension for WindowsStandalone target not found
Refreshing native plugins compatible for Editor in 0.53 ms, found 1 plugins.
Preloading 0 native plugins for Editor in 0.00 ms.
Invoked RoslynAnalysisRunner static constructor.
RoslynAnalysisRunner will not be running.
RoslynAnalysisRunner has terminated.
Mono: successfully reloaded assembly
- Completed reload, in  1.472 seconds
Platform modules already initialized, skipping
Refreshing native plugins compatible for Editor in 0.40 ms, found 1 plugins.
Preloading 0 native plugins for Editor in 0.00 ms.
Unloading 1834 Unused Serialized files (Serialized files now loaded: 0)
System memory in use before: 85.7 MB.
System memory in use after: 85.7 MB.

Unloading 12 unused Assets to reduce memory usage. Loaded Objects now: 2308.
Total: 4.258300 ms (FindLiveObjects: 0.609000 ms CreateObjectMapping: 0.104000 ms MarkObjects: 3.355200 ms  DeleteObjects: 0.188400 ms)

========================================================================
Received Prepare
Registering precompiled user dll's ...
Registered in 0.001426 seconds.
Begin MonoManager ReloadAssembly
Native extension for WindowsStandalone target not found
Refreshing native plugins compatible for Editor in 0.42 ms, found 1 plugins.
Preloading 0 native plugins for Editor in 0.00 ms.
Invoked RoslynAnalysisRunner static constructor.
RoslynAnalysisRunner will not be running.
RoslynAnalysisRunner has terminated.
Mono: successfully reloaded assembly
- Completed reload, in  1.144 seconds
Platform modules already initialized, skipping
Refreshing native plugins compatible for Editor in 0.39 ms, found 1 plugins.
Preloading 0 native plugins for Editor in 0.00 ms.
Unloading 1834 Unused Serialized files (Serialized files now loaded: 0)
System memory in use before: 85.8 MB.
System memory in use after: 85.7 MB.

Unloading 12 unused Assets to reduce memory usage. Loaded Objects now: 2312.
Total: 2.258100 ms (FindLiveObjects: 0.236400 ms CreateObjectMapping: 0.096500 ms MarkObjects: 1.801800 ms  DeleteObjects: 0.122300 ms)

========================================================================
Received Prepare
Registering precompiled user dll's ...
Registered in 0.004022 seconds.
Begin MonoManager ReloadAssembly
Native extension for WindowsStandalone target not found
Refreshing native plugins compatible for Editor in 0.71 ms, found 1 plugins.
Preloading 0 native plugins for Editor in 0.00 ms.
Invoked RoslynAnalysisRunner static constructor.
RoslynAnalysisRunner will not be running.
RoslynAnalysisRunner has terminated.
Mono: successfully reloaded assembly
- Completed reload, in  2.167 seconds
Platform modules already initialized, skipping
Refreshing native plugins compatible for Editor in 0.41 ms, found 1 plugins.
Preloading 0 native plugins for Editor in 0.00 ms.
Unloading 1834 Unused Serialized files (Serialized files now loaded: 0)
System memory in use before: 85.8 MB.
System memory in use after: 85.8 MB.

Unloading 12 unused Assets to reduce memory usage. Loaded Objects now: 2316.
Total: 2.500100 ms (FindLiveObjects: 0.229500 ms CreateObjectMapping: 0.095600 ms MarkObjects: 2.006100 ms  DeleteObjects: 0.167200 ms)

========================================================================
Received Import Request.
  Time since last request: 7845.265422 seconds.
  path: Assets/Scenes/GridMap/scripts/SaveSystel.cs
  artifactKey: Guid(077182cc9691ab74eabf0c82c047e207) Importer(815301076,1909f56bfc062723c751e8b465ee728b)
Start importing Assets/Scenes/GridMap/scripts/SaveSystel.cs using Guid(077182cc9691ab74eabf0c82c047e207) Importer(815301076,1909f56bfc062723c751e8b465ee728b)  -> (artifact id: '3f9ba286456142bbd2d8384ef995f974') in 0.023010 seconds
  Import took 0.027993 seconds .

========================================================================
Received Import Request.
  Time since last request: 0.008493 seconds.
  path: Assets/Scenes/GridMap/scripts/SaveSystel.cs
  artifactKey: Guid(077182cc9691ab74eabf0c82c047e207) Importer(815301076,1909f56bfc062723c751e8b465ee728b)
Start importing Assets/Scenes/GridMap/scripts/SaveSystel.cs using Guid(077182cc9691ab74eabf0c82c047e207) Importer(815301076,1909f56bfc062723c751e8b465ee728b)  -> (artifact id: '3f9ba286456142bbd2d8384ef995f974') in 0.007688 seconds
  Import took 0.013705 seconds .

========================================================================
Received Prepare
Registering precompiled user dll's ...
Registered in 0.003574 seconds.
Begin MonoManager ReloadAssembly
Native extension for WindowsStandalone target not found
Refreshing native plugins compatible for Editor in 0.47 ms, found 1 plugins.
Preloading 0 native plugins for Editor in 0.00 ms.
Invoked RoslynAnalysisRunner static constructor.
RoslynAnalysisRunner will not be running.
RoslynAnalysisRunner has terminated.
Mono: successfully reloaded assembly
- Completed reload, in  1.456 seconds
Platform modules already initialized, skipping
Refreshing native plugins compatible for Editor in 0.36 ms, found 1 plugins.
Preloading 0 native plugins for Editor in 0.00 ms.
Unloading 1835 Unused Serialized files (Serialized files now loaded: 0)
System memory in use before: 85.8 MB.
System memory in use after: 85.8 MB.

Unloading 12 unused Assets to reduce memory usage. Loaded Objects now: 2321.
Total: 2.909500 ms (FindLiveObjects: 0.196400 ms CreateObjectMapping: 0.075000 ms MarkObjects: 2.444500 ms  DeleteObjects: 0.192200 ms)

========================================================================
Received Import Request.
  Time since last request: 25.872535 seconds.
  path: Assets/Scenes/GridMap/scripts/SaveSystem.cs
  artifactKey: Guid(077182cc9691ab74eabf0c82c047e207) Importer(815301076,1909f56bfc062723c751e8b465ee728b)
Start importing Assets/Scenes/GridMap/scripts/SaveSystem.cs using Guid(077182cc9691ab74eabf0c82c047e207) Importer(815301076,1909f56bfc062723c751e8b465ee728b)  -> (artifact id: 'd8f39cede3f13e5738378ea94c8d742d') in 0.019651 seconds
  Import took 0.024251 seconds .

========================================================================
Received Import Request.
  Time since last request: 0.026897 seconds.
  path: Assets/Scenes/GridMap/scripts/SaveSystem.cs
  artifactKey: Guid(077182cc9691ab74eabf0c82c047e207) Importer(815301076,1909f56bfc062723c751e8b465ee728b)
Start importing Assets/Scenes/GridMap/scripts/SaveSystem.cs using Guid(077182cc9691ab74eabf0c82c047e207) Importer(815301076,1909f56bfc062723c751e8b465ee728b)  -> (artifact id: 'd8f39cede3f13e5738378ea94c8d742d') in 0.008788 seconds
  Import took 0.014563 seconds .

========================================================================
Received Prepare
Registering precompiled user dll's ...
Registered in 0.001487 seconds.
Begin MonoManager ReloadAssembly
Native extension for WindowsStandalone target not found
Refreshing native plugins compatible for Editor in 0.55 ms, found 1 plugins.
Preloading 0 native plugins for Editor in 0.00 ms.
Invoked RoslynAnalysisRunner static constructor.
RoslynAnalysisRunner will not be running.
RoslynAnalysisRunner has terminated.
Mono: successfully reloaded assembly
- Completed reload, in  1.204 seconds
Platform modules already initialized, skipping
Refreshing native plugins compatible for Editor in 0.40 ms, found 1 plugins.
Preloading 0 native plugins for Editor in 0.00 ms.
Unloading 1835 Unused Serialized files (Serialized files now loaded: 0)
System memory in use before: 85.8 MB.
System memory in use after: 85.8 MB.

Unloading 12 unused Assets to reduce memory usage. Loaded Objects now: 2325.
Total: 3.034700 ms (FindLiveObjects: 0.243300 ms CreateObjectMapping: 0.083400 ms MarkObjects: 2.370200 ms  DeleteObjects: 0.336300 ms)

========================================================================
Received Prepare
Registering precompiled user dll's ...
Registered in 0.001276 seconds.
Begin MonoManager ReloadAssembly
Native extension for WindowsStandalone target not found
Refreshing native plugins compatible for Editor in 0.38 ms, found 1 plugins.
Preloading 0 native plugins for Editor in 0.00 ms.
Invoked RoslynAnalysisRunner static constructor.
RoslynAnalysisRunner will not be running.
RoslynAnalysisRunner has terminated.
Mono: successfully reloaded assembly
- Completed reload, in  1.359 seconds
Platform modules already initialized, skipping
Refreshing native plugins compatible for Editor in 0.38 ms, found 1 plugins.
Preloading 0 native plugins for Editor in 0.00 ms.
Unloading 1835 Unused Serialized files (Serialized files now loaded: 0)
System memory in use before: 85.8 MB.
System memory in use after: 85.8 MB.

Unloading 12 unused Assets to reduce memory usage. Loaded Objects now: 2329.
Total: 2.548000 ms (FindLiveObjects: 0.225300 ms CreateObjectMapping: 0.089600 ms MarkObjects: 2.044800 ms  DeleteObjects: 0.186800 ms)

========================================================================
Received Import Request.
  Time since last request: 86.467110 seconds.
  path: Assets/Scenes/GridMap/scripts/SaveSystem.cs
  artifactKey: Guid(077182cc9691ab74eabf0c82c047e207) Importer(815301076,1909f56bfc062723c751e8b465ee728b)
Start importing Assets/Scenes/GridMap/scripts/SaveSystem.cs using Guid(077182cc9691ab74eabf0c82c047e207) Importer(815301076,1909f56bfc062723c751e8b465ee728b)  -> (artifact id: '4b9e84d149de5c382389485d27e67621') in 0.006635 seconds
  Import took 0.010403 seconds .

========================================================================
Received Prepare
Registering precompiled user dll's ...
Registered in 0.001568 seconds.
Begin MonoManager ReloadAssembly
Native extension for WindowsStandalone target not found
Refreshing native plugins compatible for Editor in 0.39 ms, found 1 plugins.
Preloading 0 native plugins for Editor in 0.00 ms.
Invoked RoslynAnalysisRunner static constructor.
RoslynAnalysisRunner will not be running.
RoslynAnalysisRunner has terminated.
Mono: successfully reloaded assembly
- Completed reload, in  1.292 seconds
Platform modules already initialized, skipping
Refreshing native plugins compatible for Editor in 0.47 ms, found 1 plugins.
Preloading 0 native plugins for Editor in 0.00 ms.
Unloading 1835 Unused Serialized files (Serialized files now loaded: 0)
System memory in use before: 85.8 MB.
System memory in use after: 85.8 MB.

Unloading 12 unused Assets to reduce memory usage. Loaded Objects now: 2333.
Total: 3.097500 ms (FindLiveObjects: 0.320300 ms CreateObjectMapping: 0.388500 ms MarkObjects: 2.190900 ms  DeleteObjects: 0.196300 ms)

========================================================================
Received Import Request.
  Time since last request: 5672.288223 seconds.
  path: Assets/Scenes/GridMap/scripts/SaveSystem.cs
  artifactKey: Guid(077182cc9691ab74eabf0c82c047e207) Importer(815301076,1909f56bfc062723c751e8b465ee728b)
Start importing Assets/Scenes/GridMap/scripts/SaveSystem.cs using Guid(077182cc9691ab74eabf0c82c047e207) Importer(815301076,1909f56bfc062723c751e8b465ee728b)  -> (artifact id: '99130b73f533168491eda2c1f2a5b654') in 0.006636 seconds
  Import took 0.010648 seconds .

========================================================================
Received Import Request.
  Time since last request: 4279.879508 seconds.
  path: Assets/Scenes/GridMap/scripts/SaveSystem.cs
  artifactKey: Guid(077182cc9691ab74eabf0c82c047e207) Importer(815301076,1909f56bfc062723c751e8b465ee728b)
Start importing Assets/Scenes/GridMap/scripts/SaveSystem.cs using Guid(077182cc9691ab74eabf0c82c047e207) Importer(815301076,1909f56bfc062723c751e8b465ee728b)  -> (artifact id: 'b592513c19d3d18302192d9d9dee9769') in 0.017108 seconds
  Import took 0.127256 seconds .

========================================================================
Received Prepare
Registering precompiled user dll's ...
Registered in 0.043567 seconds.
Begin MonoManager ReloadAssembly
Native extension for WindowsStandalone target not found
Refreshing native plugins compatible for Editor in 0.41 ms, found 1 plugins.
Preloading 0 native plugins for Editor in 0.00 ms.
Invoked RoslynAnalysisRunner static constructor.
RoslynAnalysisRunner will not be running.
RoslynAnalysisRunner has terminated.
Mono: successfully reloaded assembly
- Completed reload, in  1.334 seconds
Platform modules already initialized, skipping
Refreshing native plugins compatible for Editor in 0.53 ms, found 1 plugins.
Preloading 0 native plugins for Editor in 0.00 ms.
Unloading 1835 Unused Serialized files (Serialized files now loaded: 0)
System memory in use before: 85.8 MB.
System memory in use after: 85.8 MB.

Unloading 12 unused Assets to reduce memory usage. Loaded Objects now: 2337.
Total: 4.050800 ms (FindLiveObjects: 0.844700 ms CreateObjectMapping: 0.210300 ms MarkObjects: 2.763400 ms  DeleteObjects: 0.229800 ms)

========================================================================
Received Import Request.
  Time since last request: 5359.444300 seconds.
  path: Assets/Scenes/GridMap/scripts/SaveSystem.cs
  artifactKey: Guid(077182cc9691ab74eabf0c82c047e207) Importer(815301076,1909f56bfc062723c751e8b465ee728b)
Start importing Assets/Scenes/GridMap/scripts/SaveSystem.cs using Guid(077182cc9691ab74eabf0c82c047e207) Importer(815301076,1909f56bfc062723c751e8b465ee728b)  -> (artifact id: '212e37f98f288e9eb1f5d7d7a5a13653') in 0.013119 seconds
  Import took 0.019867 seconds .

========================================================================
Received Prepare
Registering precompiled user dll's ...
Registered in 0.001387 seconds.
Begin MonoManager ReloadAssembly
Native extension for WindowsStandalone target not found
Refreshing native plugins compatible for Editor in 0.42 ms, found 1 plugins.
Preloading 0 native plugins for Editor in 0.00 ms.
Invoked RoslynAnalysisRunner static constructor.
RoslynAnalysisRunner will not be running.
RoslynAnalysisRunner has terminated.
Mono: successfully reloaded assembly
- Completed reload, in  1.137 seconds
Platform modules already initialized, skipping
Refreshing native plugins compatible for Editor in 0.51 ms, found 1 plugins.
Preloading 0 native plugins for Editor in 0.00 ms.
Unloading 1835 Unused Serialized files (Serialized files now loaded: 0)
System memory in use before: 85.8 MB.
System memory in use after: 85.8 MB.

Unloading 12 unused Assets to reduce memory usage. Loaded Objects now: 2341.
Total: 3.000800 ms (FindLiveObjects: 0.238300 ms CreateObjectMapping: 0.094300 ms MarkObjects: 2.427400 ms  DeleteObjects: 0.239400 ms)

========================================================================
Received Import Request.
  Time since last request: 1576.187509 seconds.
  path: Assets/Scenes/GridMap/scripts/SaveSystem.cs
  artifactKey: Guid(077182cc9691ab74eabf0c82c047e207) Importer(815301076,1909f56bfc062723c751e8b465ee728b)
Start importing Assets/Scenes/GridMap/scripts/SaveSystem.cs using Guid(077182cc9691ab74eabf0c82c047e207) Importer(815301076,1909f56bfc062723c751e8b465ee728b)  -> (artifact id: '2011874fd90759926d06057bdbd5ab49') in 0.006880 seconds
  Import took 0.010496 seconds .

