Using pre-set license
Built from '2020.3/release' branch; Version is '2020.3.1f1 (77a89f25062f) revision 7841951'; Using compiler version '192528614'; Build Type 'Release'
OS: 'Windows 10 Education; OS build 18363.1556; Version 1909; 64bit' Language: 'fr' Physical Memory: 8077 MB
BatchMode: 1, IsHumanControllingUs: 0, StartBugReporterOnCrash: 0, Is64bit: 1, IsPro: 0

 COMMAND LINE ARGUMENTS:
C:\Program Files\Unity\Hub\Editor\2020.3.1f1\Editor\Unity.exe
-adb2
-batchMode
-noUpm
-name
AssetImportWorker0
-projectPath
C:/projet DEV/labyrinthe2/pathfinding
-logFile
Logs/AssetImportWorker0.log
-srvPort
64163
Successfully changed project path to: C:/projet DEV/labyrinthe2/pathfinding
C:/projet DEV/labyrinthe2/pathfinding
Using Asset Import Pipeline V2.
Refreshing native plugins compatible for Editor in 50.86 ms, found 1 plugins.
Preloading 0 native plugins for Editor in 0.00 ms.
Initialize engine version: 2020.3.1f1 (77a89f25062f)
[Subsystems] Discovering subsystems at path C:/Program Files/Unity/Hub/Editor/2020.3.1f1/Editor/Data/Resources/UnitySubsystems
[Subsystems] Discovering subsystems at path C:/projet DEV/labyrinthe2/pathfinding/Assets
GfxDevice: creating device client; threaded=0
Direct3D:
    Version:  Direct3D 11.0 [level 11.0]
    Renderer: NVIDIA GeForce GTX 960M (ID=0x139b)
    Vendor:   
    VRAM:     2010 MB
    Driver:   24.21.13.9901
Initialize mono
Mono path[0] = 'C:/Program Files/Unity/Hub/Editor/2020.3.1f1/Editor/Data/Managed'
Mono path[1] = 'C:/Program Files/Unity/Hub/Editor/2020.3.1f1/Editor/Data/MonoBleedingEdge/lib/mono/unityjit'
Mono config path = 'C:/Program Files/Unity/Hub/Editor/2020.3.1f1/Editor/Data/MonoBleedingEdge/etc'
Using monoOptions --debugger-agent=transport=dt_socket,embedding=1,server=y,suspend=n,address=127.0.0.1:56472
Begin MonoManager ReloadAssembly
Registering precompiled unity dll's ...
Register platform support module: C:/Program Files/Unity/Hub/Editor/2020.3.1f1/Editor/Data/PlaybackEngines/WindowsStandaloneSupport/UnityEditor.WindowsStandalone.Extensions.dll
Registered in 0.002884 seconds.
Native extension for WindowsStandalone target not found
Refreshing native plugins compatible for Editor in 60.94 ms, found 1 plugins.
Preloading 0 native plugins for Editor in 0.00 ms.
Invoked RoslynAnalysisRunner static constructor.
RoslynAnalysisRunner will not be running.
RoslynAnalysisRunner has terminated.
Mono: successfully reloaded assembly
- Completed reload, in  1.773 seconds
Platform modules already initialized, skipping
Registering precompiled user dll's ...
Registered in 0.001590 seconds.
Begin MonoManager ReloadAssembly
Native extension for WindowsStandalone target not found
Refreshing native plugins compatible for Editor in 47.61 ms, found 1 plugins.
Preloading 0 native plugins for Editor in 0.00 ms.
Invoked RoslynAnalysisRunner static constructor.
RoslynAnalysisRunner will not be running.
RoslynAnalysisRunner has terminated.
Mono: successfully reloaded assembly
- Completed reload, in  1.267 seconds
Platform modules already initialized, skipping
========================================================================
Worker process is ready to serve import requests
Launched and connected shader compiler UnityShaderCompiler.exe after 0.08 seconds
Refreshing native plugins compatible for Editor in 0.94 ms, found 1 plugins.
Preloading 0 native plugins for Editor in 0.00 ms.
Unloading 1841 Unused Serialized files (Serialized files now loaded: 0)
System memory in use before: 85.7 MB.
System memory in use after: 85.7 MB.

Unloading 24 unused Assets to reduce memory usage. Loaded Objects now: 2286.
Total: 2.708000 ms (FindLiveObjects: 0.301800 ms CreateObjectMapping: 0.130300 ms MarkObjects: 1.998200 ms  DeleteObjects: 0.275500 ms)

========================================================================
Received Import Request.
  path: Assets/Scenes/GridMap/scripts/Pathfinding.cs
  artifactKey: Guid(85bc7cdb309dc9846993f162709e2199) Importer(815301076,1909f56bfc062723c751e8b465ee728b)
Start importing Assets/Scenes/GridMap/scripts/Pathfinding.cs using Guid(85bc7cdb309dc9846993f162709e2199) Importer(815301076,1909f56bfc062723c751e8b465ee728b)  -> (artifact id: '6ccaa935b1cc1dbef5149541530ad362') in 0.518930 seconds
  Import took 0.523513 seconds .

========================================================================
Received Prepare
Registering precompiled user dll's ...
Registered in 0.002747 seconds.
Begin MonoManager ReloadAssembly
Native extension for WindowsStandalone target not found
Refreshing native plugins compatible for Editor in 0.54 ms, found 1 plugins.
Preloading 0 native plugins for Editor in 0.00 ms.
Invoked RoslynAnalysisRunner static constructor.
RoslynAnalysisRunner will not be running.
RoslynAnalysisRunner has terminated.
Mono: successfully reloaded assembly
- Completed reload, in  1.363 seconds
Platform modules already initialized, skipping
Refreshing native plugins compatible for Editor in 0.46 ms, found 1 plugins.
Preloading 0 native plugins for Editor in 0.00 ms.
Unloading 1836 Unused Serialized files (Serialized files now loaded: 0)
System memory in use before: 85.7 MB.
System memory in use after: 85.7 MB.

Unloading 12 unused Assets to reduce memory usage. Loaded Objects now: 2290.
Total: 2.826900 ms (FindLiveObjects: 0.195900 ms CreateObjectMapping: 0.077000 ms MarkObjects: 2.360300 ms  DeleteObjects: 0.191600 ms)

========================================================================
Received Prepare
Registering precompiled user dll's ...
Registered in 0.001277 seconds.
Begin MonoManager ReloadAssembly
Native extension for WindowsStandalone target not found
Refreshing native plugins compatible for Editor in 0.67 ms, found 1 plugins.
Preloading 0 native plugins for Editor in 0.00 ms.
Invoked RoslynAnalysisRunner static constructor.
RoslynAnalysisRunner will not be running.
RoslynAnalysisRunner has terminated.
Mono: successfully reloaded assembly
- Completed reload, in  1.177 seconds
Platform modules already initialized, skipping
Refreshing native plugins compatible for Editor in 0.37 ms, found 1 plugins.
Preloading 0 native plugins for Editor in 0.00 ms.
Unloading 1836 Unused Serialized files (Serialized files now loaded: 0)
System memory in use before: 85.7 MB.
System memory in use after: 85.7 MB.

Unloading 12 unused Assets to reduce memory usage. Loaded Objects now: 2294.
Total: 2.524100 ms (FindLiveObjects: 0.248900 ms CreateObjectMapping: 0.089900 ms MarkObjects: 2.051100 ms  DeleteObjects: 0.132800 ms)

========================================================================
Received Import Request.
  Time since last request: 2982.027077 seconds.
  path: Assets/Scenes/GridMap/scripts/Pathfinding.cs
  artifactKey: Guid(85bc7cdb309dc9846993f162709e2199) Importer(815301076,1909f56bfc062723c751e8b465ee728b)
Start importing Assets/Scenes/GridMap/scripts/Pathfinding.cs using Guid(85bc7cdb309dc9846993f162709e2199) Importer(815301076,1909f56bfc062723c751e8b465ee728b)  -> (artifact id: '49a7d2a12e187d65266c1fe31436bb79') in 0.025260 seconds
  Import took 0.028925 seconds .

========================================================================
Received Prepare
Registering precompiled user dll's ...
Registered in 0.001292 seconds.
Begin MonoManager ReloadAssembly
Native extension for WindowsStandalone target not found
Refreshing native plugins compatible for Editor in 0.39 ms, found 1 plugins.
Preloading 0 native plugins for Editor in 0.00 ms.
Invoked RoslynAnalysisRunner static constructor.
RoslynAnalysisRunner will not be running.
RoslynAnalysisRunner has terminated.
Mono: successfully reloaded assembly
- Completed reload, in  1.358 seconds
Platform modules already initialized, skipping
Refreshing native plugins compatible for Editor in 0.53 ms, found 1 plugins.
Preloading 0 native plugins for Editor in 0.00 ms.
Unloading 1836 Unused Serialized files (Serialized files now loaded: 0)
System memory in use before: 85.7 MB.
System memory in use after: 85.7 MB.

Unloading 12 unused Assets to reduce memory usage. Loaded Objects now: 2298.
Total: 2.563500 ms (FindLiveObjects: 0.261900 ms CreateObjectMapping: 0.086000 ms MarkObjects: 2.033500 ms  DeleteObjects: 0.180600 ms)

========================================================================
Received Import Request.
  Time since last request: 100.658863 seconds.
  path: Assets/Scenes/GridMap/scripts/Pathfinding.cs
  artifactKey: Guid(85bc7cdb309dc9846993f162709e2199) Importer(815301076,1909f56bfc062723c751e8b465ee728b)
Start importing Assets/Scenes/GridMap/scripts/Pathfinding.cs using Guid(85bc7cdb309dc9846993f162709e2199) Importer(815301076,1909f56bfc062723c751e8b465ee728b)  -> (artifact id: '9c2c58d66fbadfe3315ee80798efa379') in 0.007283 seconds
  Import took 0.010703 seconds .

========================================================================
Received Prepare
Registering precompiled user dll's ...
Registered in 0.001541 seconds.
Begin MonoManager ReloadAssembly
Native extension for WindowsStandalone target not found
Refreshing native plugins compatible for Editor in 0.39 ms, found 1 plugins.
Preloading 0 native plugins for Editor in 0.00 ms.
Invoked RoslynAnalysisRunner static constructor.
RoslynAnalysisRunner will not be running.
RoslynAnalysisRunner has terminated.
Mono: successfully reloaded assembly
- Completed reload, in  1.649 seconds
Platform modules already initialized, skipping
Refreshing native plugins compatible for Editor in 0.40 ms, found 1 plugins.
Preloading 0 native plugins for Editor in 0.00 ms.
Unloading 1836 Unused Serialized files (Serialized files now loaded: 0)
System memory in use before: 85.7 MB.
System memory in use after: 85.7 MB.

Unloading 12 unused Assets to reduce memory usage. Loaded Objects now: 2302.
Total: 3.406800 ms (FindLiveObjects: 0.440900 ms CreateObjectMapping: 0.396100 ms MarkObjects: 2.368700 ms  DeleteObjects: 0.199500 ms)

========================================================================
Received Import Request.
  Time since last request: 114.907381 seconds.
  path: Assets/Scenes/GridMap/scripts/Pathfinding.cs
  artifactKey: Guid(85bc7cdb309dc9846993f162709e2199) Importer(815301076,1909f56bfc062723c751e8b465ee728b)
Start importing Assets/Scenes/GridMap/scripts/Pathfinding.cs using Guid(85bc7cdb309dc9846993f162709e2199) Importer(815301076,1909f56bfc062723c751e8b465ee728b)  -> (artifact id: 'e707f4aab5553fceb9f941ea37a8741f') in 0.007804 seconds
  Import took 0.011787 seconds .

========================================================================
Received Import Request.
  Time since last request: 0.001568 seconds.
  path: Assets/Scenes/GridMap/scripts/Pathfinding.cs
  artifactKey: Guid(85bc7cdb309dc9846993f162709e2199) Importer(815301076,1909f56bfc062723c751e8b465ee728b)
Start importing Assets/Scenes/GridMap/scripts/Pathfinding.cs using Guid(85bc7cdb309dc9846993f162709e2199) Importer(815301076,1909f56bfc062723c751e8b465ee728b)  -> (artifact id: 'e707f4aab5553fceb9f941ea37a8741f') in 0.004431 seconds
  Import took 0.042498 seconds .

========================================================================
Received Prepare
Registering precompiled user dll's ...
Registered in 0.002281 seconds.
Begin MonoManager ReloadAssembly
Native extension for WindowsStandalone target not found
Refreshing native plugins compatible for Editor in 0.36 ms, found 1 plugins.
Preloading 0 native plugins for Editor in 0.00 ms.
Invoked RoslynAnalysisRunner static constructor.
RoslynAnalysisRunner will not be running.
RoslynAnalysisRunner has terminated.
Mono: successfully reloaded assembly
- Completed reload, in  1.153 seconds
Platform modules already initialized, skipping
Refreshing native plugins compatible for Editor in 0.39 ms, found 1 plugins.
Preloading 0 native plugins for Editor in 0.00 ms.
Unloading 1836 Unused Serialized files (Serialized files now loaded: 0)
System memory in use before: 85.8 MB.
System memory in use after: 85.7 MB.

Unloading 12 unused Assets to reduce memory usage. Loaded Objects now: 2306.
Total: 2.186400 ms (FindLiveObjects: 0.232800 ms CreateObjectMapping: 0.096200 ms MarkObjects: 1.737600 ms  DeleteObjects: 0.118400 ms)

========================================================================
Received Import Request.
  Time since last request: 33.166988 seconds.
  path: Assets/Scenes/GridMap/scripts/Pathfinding.cs
  artifactKey: Guid(85bc7cdb309dc9846993f162709e2199) Importer(815301076,1909f56bfc062723c751e8b465ee728b)
Start importing Assets/Scenes/GridMap/scripts/Pathfinding.cs using Guid(85bc7cdb309dc9846993f162709e2199) Importer(815301076,1909f56bfc062723c751e8b465ee728b)  -> (artifact id: '0525f433d379e7c5b966dfa2baace6aa') in 0.008670 seconds
  Import took 0.012581 seconds .

========================================================================
Received Import Request.
  Time since last request: 0.048047 seconds.
  path: Assets/Scenes/GridMap/scripts/Pathfinding.cs
  artifactKey: Guid(85bc7cdb309dc9846993f162709e2199) Importer(815301076,1909f56bfc062723c751e8b465ee728b)
Start importing Assets/Scenes/GridMap/scripts/Pathfinding.cs using Guid(85bc7cdb309dc9846993f162709e2199) Importer(815301076,1909f56bfc062723c751e8b465ee728b)  -> (artifact id: '0525f433d379e7c5b966dfa2baace6aa') in 0.009100 seconds
  Import took 0.014107 seconds .

========================================================================
Received Prepare
Registering precompiled user dll's ...
Registered in 0.001726 seconds.
Begin MonoManager ReloadAssembly
Native extension for WindowsStandalone target not found
Refreshing native plugins compatible for Editor in 0.38 ms, found 1 plugins.
Preloading 0 native plugins for Editor in 0.00 ms.
Invoked RoslynAnalysisRunner static constructor.
RoslynAnalysisRunner will not be running.
RoslynAnalysisRunner has terminated.
Mono: successfully reloaded assembly
- Completed reload, in  1.233 seconds
Platform modules already initialized, skipping
Refreshing native plugins compatible for Editor in 8.88 ms, found 1 plugins.
Preloading 0 native plugins for Editor in 0.00 ms.
Unloading 1836 Unused Serialized files (Serialized files now loaded: 0)
System memory in use before: 85.8 MB.
System memory in use after: 85.8 MB.

Unloading 12 unused Assets to reduce memory usage. Loaded Objects now: 2310.
Total: 13.579400 ms (FindLiveObjects: 5.203300 ms CreateObjectMapping: 1.640700 ms MarkObjects: 6.286400 ms  DeleteObjects: 0.446000 ms)

========================================================================
Received Import Request.
  Time since last request: 57.054486 seconds.
  path: Assets/Scenes/GridMap/scripts/Pathfinding.cs
  artifactKey: Guid(85bc7cdb309dc9846993f162709e2199) Importer(815301076,1909f56bfc062723c751e8b465ee728b)
Start importing Assets/Scenes/GridMap/scripts/Pathfinding.cs using Guid(85bc7cdb309dc9846993f162709e2199) Importer(815301076,1909f56bfc062723c751e8b465ee728b)  -> (artifact id: 'e82cd0b451eb408d9f3612788d399e17') in 0.007392 seconds
  Import took 0.011647 seconds .

========================================================================
Received Import Request.
  Time since last request: 0.001366 seconds.
  path: Assets/Scenes/GridMap/scripts/Pathfinding.cs
  artifactKey: Guid(85bc7cdb309dc9846993f162709e2199) Importer(815301076,1909f56bfc062723c751e8b465ee728b)
Start importing Assets/Scenes/GridMap/scripts/Pathfinding.cs using Guid(85bc7cdb309dc9846993f162709e2199) Importer(815301076,1909f56bfc062723c751e8b465ee728b)  -> (artifact id: 'e82cd0b451eb408d9f3612788d399e17') in 0.004325 seconds
  Import took 0.008241 seconds .

========================================================================
Received Prepare
Registering precompiled user dll's ...
Registered in 0.002010 seconds.
Begin MonoManager ReloadAssembly
Native extension for WindowsStandalone target not found
Refreshing native plugins compatible for Editor in 0.38 ms, found 1 plugins.
Preloading 0 native plugins for Editor in 0.00 ms.
Invoked RoslynAnalysisRunner static constructor.
RoslynAnalysisRunner will not be running.
RoslynAnalysisRunner has terminated.
Mono: successfully reloaded assembly
- Completed reload, in  1.692 seconds
Platform modules already initialized, skipping
Refreshing native plugins compatible for Editor in 0.59 ms, found 1 plugins.
Preloading 0 native plugins for Editor in 0.00 ms.
Unloading 1836 Unused Serialized files (Serialized files now loaded: 0)
System memory in use before: 85.8 MB.
System memory in use after: 85.8 MB.

Unloading 12 unused Assets to reduce memory usage. Loaded Objects now: 2314.
Total: 2.697000 ms (FindLiveObjects: 0.264400 ms CreateObjectMapping: 0.083500 ms MarkObjects: 2.184400 ms  DeleteObjects: 0.162700 ms)

========================================================================
Received Import Request.
  Time since last request: 20.519371 seconds.
  path: Assets/Scenes/GridMap/scripts/Pathfinding.cs
  artifactKey: Guid(85bc7cdb309dc9846993f162709e2199) Importer(815301076,1909f56bfc062723c751e8b465ee728b)
Start importing Assets/Scenes/GridMap/scripts/Pathfinding.cs using Guid(85bc7cdb309dc9846993f162709e2199) Importer(815301076,1909f56bfc062723c751e8b465ee728b)  -> (artifact id: 'b37fba55e65ec3339a94280c5be18744') in 0.007209 seconds
  Import took 0.011156 seconds .

========================================================================
Received Import Request.
  Time since last request: 0.002161 seconds.
  path: Assets/Scenes/GridMap/scripts/Pathfinding.cs
  artifactKey: Guid(85bc7cdb309dc9846993f162709e2199) Importer(815301076,1909f56bfc062723c751e8b465ee728b)
Start importing Assets/Scenes/GridMap/scripts/Pathfinding.cs using Guid(85bc7cdb309dc9846993f162709e2199) Importer(815301076,1909f56bfc062723c751e8b465ee728b)  -> (artifact id: 'b37fba55e65ec3339a94280c5be18744') in 0.005617 seconds
  Import took 0.009245 seconds .

========================================================================
Received Prepare
Registering precompiled user dll's ...
Registered in 0.008671 seconds.
Begin MonoManager ReloadAssembly
Native extension for WindowsStandalone target not found
Refreshing native plugins compatible for Editor in 0.46 ms, found 1 plugins.
Preloading 0 native plugins for Editor in 0.00 ms.
Invoked RoslynAnalysisRunner static constructor.
RoslynAnalysisRunner will not be running.
RoslynAnalysisRunner has terminated.
Mono: successfully reloaded assembly
- Completed reload, in  1.126 seconds
Platform modules already initialized, skipping
Refreshing native plugins compatible for Editor in 0.52 ms, found 1 plugins.
Preloading 0 native plugins for Editor in 0.00 ms.
Unloading 1836 Unused Serialized files (Serialized files now loaded: 0)
System memory in use before: 85.8 MB.
System memory in use after: 85.8 MB.

Unloading 12 unused Assets to reduce memory usage. Loaded Objects now: 2318.
Total: 2.910300 ms (FindLiveObjects: 0.284300 ms CreateObjectMapping: 0.096300 ms MarkObjects: 2.132700 ms  DeleteObjects: 0.395500 ms)

========================================================================
Received Prepare
Registering precompiled user dll's ...
Registered in 0.001365 seconds.
Begin MonoManager ReloadAssembly
Native extension for WindowsStandalone target not found
Refreshing native plugins compatible for Editor in 0.37 ms, found 1 plugins.
Preloading 0 native plugins for Editor in 0.00 ms.
Invoked RoslynAnalysisRunner static constructor.
RoslynAnalysisRunner will not be running.
RoslynAnalysisRunner has terminated.
Mono: successfully reloaded assembly
- Completed reload, in  2.233 seconds
Platform modules already initialized, skipping
Refreshing native plugins compatible for Editor in 0.41 ms, found 1 plugins.
Preloading 0 native plugins for Editor in 0.00 ms.
Unloading 1836 Unused Serialized files (Serialized files now loaded: 0)
System memory in use before: 85.8 MB.
System memory in use after: 85.8 MB.

Unloading 12 unused Assets to reduce memory usage. Loaded Objects now: 2322.
Total: 2.562100 ms (FindLiveObjects: 0.326500 ms CreateObjectMapping: 0.114800 ms MarkObjects: 1.944700 ms  DeleteObjects: 0.173900 ms)

========================================================================
Received Import Request.
  Time since last request: 77.339359 seconds.
  path: Assets/Scenes/GridMap/scripts/Pathfinding.cs
  artifactKey: Guid(85bc7cdb309dc9846993f162709e2199) Importer(815301076,1909f56bfc062723c751e8b465ee728b)
Start importing Assets/Scenes/GridMap/scripts/Pathfinding.cs using Guid(85bc7cdb309dc9846993f162709e2199) Importer(815301076,1909f56bfc062723c751e8b465ee728b)  -> (artifact id: 'e586488ee1c4eea5f5d2e66ffe936d48') in 0.006979 seconds
  Import took 0.010621 seconds .

========================================================================
Received Import Request.
  Time since last request: 0.001466 seconds.
  path: Assets/Scenes/GridMap/scripts/Pathfinding.cs
  artifactKey: Guid(85bc7cdb309dc9846993f162709e2199) Importer(815301076,1909f56bfc062723c751e8b465ee728b)
Start importing Assets/Scenes/GridMap/scripts/Pathfinding.cs using Guid(85bc7cdb309dc9846993f162709e2199) Importer(815301076,1909f56bfc062723c751e8b465ee728b)  -> (artifact id: 'e586488ee1c4eea5f5d2e66ffe936d48') in 0.004201 seconds
  Import took 0.007585 seconds .

========================================================================
Received Prepare
Registering precompiled user dll's ...
Registered in 0.001267 seconds.
Begin MonoManager ReloadAssembly
Native extension for WindowsStandalone target not found
Refreshing native plugins compatible for Editor in 0.45 ms, found 1 plugins.
Preloading 0 native plugins for Editor in 0.00 ms.
Invoked RoslynAnalysisRunner static constructor.
RoslynAnalysisRunner will not be running.
RoslynAnalysisRunner has terminated.
Mono: successfully reloaded assembly
- Completed reload, in  1.412 seconds
Platform modules already initialized, skipping
Refreshing native plugins compatible for Editor in 0.43 ms, found 1 plugins.
Preloading 0 native plugins for Editor in 0.00 ms.
Unloading 1836 Unused Serialized files (Serialized files now loaded: 0)
System memory in use before: 85.8 MB.
System memory in use after: 85.8 MB.

Unloading 12 unused Assets to reduce memory usage. Loaded Objects now: 2326.
Total: 2.591300 ms (FindLiveObjects: 0.227000 ms CreateObjectMapping: 0.092300 ms MarkObjects: 2.133900 ms  DeleteObjects: 0.136800 ms)

========================================================================
Received Prepare
Registering precompiled user dll's ...
Registered in 0.002833 seconds.
Begin MonoManager ReloadAssembly
Native extension for WindowsStandalone target not found
Refreshing native plugins compatible for Editor in 0.43 ms, found 1 plugins.
Preloading 0 native plugins for Editor in 0.00 ms.
Invoked RoslynAnalysisRunner static constructor.
RoslynAnalysisRunner will not be running.
RoslynAnalysisRunner has terminated.
Mono: successfully reloaded assembly
- Completed reload, in  1.246 seconds
Platform modules already initialized, skipping
Refreshing native plugins compatible for Editor in 0.60 ms, found 1 plugins.
Preloading 0 native plugins for Editor in 0.00 ms.
Unloading 1836 Unused Serialized files (Serialized files now loaded: 0)
System memory in use before: 85.8 MB.
System memory in use after: 85.8 MB.

Unloading 12 unused Assets to reduce memory usage. Loaded Objects now: 2330.
Total: 3.293800 ms (FindLiveObjects: 0.280300 ms CreateObjectMapping: 0.096700 ms MarkObjects: 2.684200 ms  DeleteObjects: 0.230400 ms)

========================================================================
Received Import Request.
  Time since last request: 73.811077 seconds.
  path: Assets/Scenes/GridMap/scripts/Pathfinding.cs
  artifactKey: Guid(85bc7cdb309dc9846993f162709e2199) Importer(815301076,1909f56bfc062723c751e8b465ee728b)
Start importing Assets/Scenes/GridMap/scripts/Pathfinding.cs using Guid(85bc7cdb309dc9846993f162709e2199) Importer(815301076,1909f56bfc062723c751e8b465ee728b)  -> (artifact id: '640944e0a84cb4b63cd1cad1c2cf336b') in 0.007250 seconds
  Import took 0.010785 seconds .

========================================================================
Received Import Request.
  Time since last request: 0.002132 seconds.
  path: Assets/Scenes/GridMap/scripts/Pathfinding.cs
  artifactKey: Guid(85bc7cdb309dc9846993f162709e2199) Importer(815301076,1909f56bfc062723c751e8b465ee728b)
Start importing Assets/Scenes/GridMap/scripts/Pathfinding.cs using Guid(85bc7cdb309dc9846993f162709e2199) Importer(815301076,1909f56bfc062723c751e8b465ee728b)  -> (artifact id: '640944e0a84cb4b63cd1cad1c2cf336b') in 0.004316 seconds
  Import took 0.007888 seconds .

========================================================================
Received Prepare
Registering precompiled user dll's ...
Registered in 0.001671 seconds.
Begin MonoManager ReloadAssembly
Native extension for WindowsStandalone target not found
Refreshing native plugins compatible for Editor in 0.36 ms, found 1 plugins.
Preloading 0 native plugins for Editor in 0.00 ms.
Invoked RoslynAnalysisRunner static constructor.
RoslynAnalysisRunner will not be running.
RoslynAnalysisRunner has terminated.
Mono: successfully reloaded assembly
- Completed reload, in  1.164 seconds
Platform modules already initialized, skipping
Refreshing native plugins compatible for Editor in 0.38 ms, found 1 plugins.
Preloading 0 native plugins for Editor in 0.00 ms.
Unloading 1836 Unused Serialized files (Serialized files now loaded: 0)
System memory in use before: 85.8 MB.
System memory in use after: 85.8 MB.

Unloading 12 unused Assets to reduce memory usage. Loaded Objects now: 2334.
Total: 2.557100 ms (FindLiveObjects: 0.235400 ms CreateObjectMapping: 0.093000 ms MarkObjects: 2.100600 ms  DeleteObjects: 0.126300 ms)

========================================================================
Received Import Request.
  Time since last request: 27.796986 seconds.
  path: Assets/Scenes/GridMap/scripts/Pathfinding.cs
  artifactKey: Guid(85bc7cdb309dc9846993f162709e2199) Importer(815301076,1909f56bfc062723c751e8b465ee728b)
Start importing Assets/Scenes/GridMap/scripts/Pathfinding.cs using Guid(85bc7cdb309dc9846993f162709e2199) Importer(815301076,1909f56bfc062723c751e8b465ee728b)  -> (artifact id: '5f6b035103f49aa834a663662f939dc1') in 0.009256 seconds
  Import took 0.013138 seconds .

========================================================================
Received Import Request.
  Time since last request: 0.048999 seconds.
  path: Assets/Scenes/GridMap/scripts/Pathfinding.cs
  artifactKey: Guid(85bc7cdb309dc9846993f162709e2199) Importer(815301076,1909f56bfc062723c751e8b465ee728b)
Start importing Assets/Scenes/GridMap/scripts/Pathfinding.cs using Guid(85bc7cdb309dc9846993f162709e2199) Importer(815301076,1909f56bfc062723c751e8b465ee728b)  -> (artifact id: '5f6b035103f49aa834a663662f939dc1') in 0.007912 seconds
  Import took 0.012071 seconds .

========================================================================
Received Prepare
Registering precompiled user dll's ...
Registered in 0.001359 seconds.
Begin MonoManager ReloadAssembly
Native extension for WindowsStandalone target not found
Refreshing native plugins compatible for Editor in 0.41 ms, found 1 plugins.
Preloading 0 native plugins for Editor in 0.00 ms.
Invoked RoslynAnalysisRunner static constructor.
RoslynAnalysisRunner will not be running.
RoslynAnalysisRunner has terminated.
Mono: successfully reloaded assembly
- Completed reload, in  1.278 seconds
Platform modules already initialized, skipping
Refreshing native plugins compatible for Editor in 0.55 ms, found 1 plugins.
Preloading 0 native plugins for Editor in 0.00 ms.
Unloading 1836 Unused Serialized files (Serialized files now loaded: 0)
System memory in use before: 85.8 MB.
System memory in use after: 85.8 MB.

Unloading 12 unused Assets to reduce memory usage. Loaded Objects now: 2338.
Total: 2.619800 ms (FindLiveObjects: 0.236100 ms CreateObjectMapping: 0.086300 ms MarkObjects: 2.122500 ms  DeleteObjects: 0.173600 ms)

========================================================================
Received Import Request.
  Time since last request: 52.449100 seconds.
  path: Assets/Scenes/GridMap/scripts/Pathfinding.cs
  artifactKey: Guid(85bc7cdb309dc9846993f162709e2199) Importer(815301076,1909f56bfc062723c751e8b465ee728b)
Start importing Assets/Scenes/GridMap/scripts/Pathfinding.cs using Guid(85bc7cdb309dc9846993f162709e2199) Importer(815301076,1909f56bfc062723c751e8b465ee728b)  -> (artifact id: 'd16d9f52187f22476481401dff9ba89e') in 0.012236 seconds
  Import took 0.016597 seconds .

========================================================================
Received Prepare
Registering precompiled user dll's ...
Registered in 0.001324 seconds.
Begin MonoManager ReloadAssembly
Native extension for WindowsStandalone target not found
Refreshing native plugins compatible for Editor in 0.40 ms, found 1 plugins.
Preloading 0 native plugins for Editor in 0.00 ms.
Invoked RoslynAnalysisRunner static constructor.
RoslynAnalysisRunner will not be running.
RoslynAnalysisRunner has terminated.
Mono: successfully reloaded assembly
- Completed reload, in  1.343 seconds
Platform modules already initialized, skipping
Refreshing native plugins compatible for Editor in 0.40 ms, found 1 plugins.
Preloading 0 native plugins for Editor in 0.00 ms.
Unloading 1836 Unused Serialized files (Serialized files now loaded: 0)
System memory in use before: 85.8 MB.
System memory in use after: 85.8 MB.

Unloading 12 unused Assets to reduce memory usage. Loaded Objects now: 2342.
Total: 2.328200 ms (FindLiveObjects: 0.226900 ms CreateObjectMapping: 0.089700 ms MarkObjects: 1.848100 ms  DeleteObjects: 0.162200 ms)

========================================================================
Received Import Request.
  Time since last request: 189.060347 seconds.
  path: Assets/Scenes/GridMap/scripts/Pathfinding.cs
  artifactKey: Guid(85bc7cdb309dc9846993f162709e2199) Importer(815301076,1909f56bfc062723c751e8b465ee728b)
Start importing Assets/Scenes/GridMap/scripts/Pathfinding.cs using Guid(85bc7cdb309dc9846993f162709e2199) Importer(815301076,1909f56bfc062723c751e8b465ee728b)  -> (artifact id: 'c17cc25fbb58e86a7cd2c36308656bbe') in 0.009832 seconds
  Import took 0.013755 seconds .

========================================================================
Received Import Request.
  Time since last request: 0.046521 seconds.
  path: Assets/Scenes/GridMap/scripts/Pathfinding.cs
  artifactKey: Guid(85bc7cdb309dc9846993f162709e2199) Importer(815301076,1909f56bfc062723c751e8b465ee728b)
Start importing Assets/Scenes/GridMap/scripts/Pathfinding.cs using Guid(85bc7cdb309dc9846993f162709e2199) Importer(815301076,1909f56bfc062723c751e8b465ee728b)  -> (artifact id: 'c17cc25fbb58e86a7cd2c36308656bbe') in 0.004823 seconds
  Import took 0.008864 seconds .

========================================================================
Received Prepare
Registering precompiled user dll's ...
Registered in 0.001268 seconds.
Begin MonoManager ReloadAssembly
Native extension for WindowsStandalone target not found
Refreshing native plugins compatible for Editor in 0.52 ms, found 1 plugins.
Preloading 0 native plugins for Editor in 0.00 ms.
Invoked RoslynAnalysisRunner static constructor.
RoslynAnalysisRunner will not be running.
RoslynAnalysisRunner has terminated.
Mono: successfully reloaded assembly
- Completed reload, in  1.303 seconds
Platform modules already initialized, skipping
Refreshing native plugins compatible for Editor in 0.46 ms, found 1 plugins.
Preloading 0 native plugins for Editor in 0.00 ms.
Unloading 1836 Unused Serialized files (Serialized files now loaded: 0)
System memory in use before: 85.8 MB.
System memory in use after: 85.8 MB.

Unloading 12 unused Assets to reduce memory usage. Loaded Objects now: 2346.
Total: 2.559800 ms (FindLiveObjects: 0.267300 ms CreateObjectMapping: 0.105800 ms MarkObjects: 2.020700 ms  DeleteObjects: 0.164200 ms)

========================================================================
Received Import Request.
  Time since last request: 49.667287 seconds.
  path: Assets/Scenes/GridMap/scripts/Pathfinding.cs
  artifactKey: Guid(85bc7cdb309dc9846993f162709e2199) Importer(815301076,1909f56bfc062723c751e8b465ee728b)
Start importing Assets/Scenes/GridMap/scripts/Pathfinding.cs using Guid(85bc7cdb309dc9846993f162709e2199) Importer(815301076,1909f56bfc062723c751e8b465ee728b)  -> (artifact id: '297725acc11030bf9d7ce10cf70e9405') in 0.006996 seconds
  Import took 0.011489 seconds .

========================================================================
Received Import Request.
  Time since last request: 0.001512 seconds.
  path: Assets/Scenes/GridMap/scripts/Pathfinding.cs
  artifactKey: Guid(85bc7cdb309dc9846993f162709e2199) Importer(815301076,1909f56bfc062723c751e8b465ee728b)
Start importing Assets/Scenes/GridMap/scripts/Pathfinding.cs using Guid(85bc7cdb309dc9846993f162709e2199) Importer(815301076,1909f56bfc062723c751e8b465ee728b)  -> (artifact id: '297725acc11030bf9d7ce10cf70e9405') in 0.004167 seconds
  Import took 0.008813 seconds .

========================================================================
Received Prepare
Registering precompiled user dll's ...
Registered in 0.001223 seconds.
Begin MonoManager ReloadAssembly
Native extension for WindowsStandalone target not found
Refreshing native plugins compatible for Editor in 0.39 ms, found 1 plugins.
Preloading 0 native plugins for Editor in 0.00 ms.
Invoked RoslynAnalysisRunner static constructor.
RoslynAnalysisRunner will not be running.
RoslynAnalysisRunner has terminated.
Mono: successfully reloaded assembly
- Completed reload, in  1.356 seconds
Platform modules already initialized, skipping
Refreshing native plugins compatible for Editor in 0.46 ms, found 1 plugins.
Preloading 0 native plugins for Editor in 0.00 ms.
Unloading 1836 Unused Serialized files (Serialized files now loaded: 0)
System memory in use before: 85.9 MB.
System memory in use after: 85.8 MB.

Unloading 12 unused Assets to reduce memory usage. Loaded Objects now: 2350.
Total: 2.502100 ms (FindLiveObjects: 0.238900 ms CreateObjectMapping: 0.083700 ms MarkObjects: 2.017400 ms  DeleteObjects: 0.160700 ms)

========================================================================
Received Import Request.
  Time since last request: 270.605928 seconds.
  path: Assets/Scenes/GridMap/scripts/Pathfinding.cs
  artifactKey: Guid(85bc7cdb309dc9846993f162709e2199) Importer(815301076,1909f56bfc062723c751e8b465ee728b)
Start importing Assets/Scenes/GridMap/scripts/Pathfinding.cs using Guid(85bc7cdb309dc9846993f162709e2199) Importer(815301076,1909f56bfc062723c751e8b465ee728b)  -> (artifact id: '272fb8a192a957e3b02706c73232fafa') in 0.008292 seconds
  Import took 0.012115 seconds .

========================================================================
Received Prepare
Registering precompiled user dll's ...
Registered in 0.001448 seconds.
Begin MonoManager ReloadAssembly
Native extension for WindowsStandalone target not found
Refreshing native plugins compatible for Editor in 0.71 ms, found 1 plugins.
Preloading 0 native plugins for Editor in 0.00 ms.
Invoked RoslynAnalysisRunner static constructor.
RoslynAnalysisRunner will not be running.
RoslynAnalysisRunner has terminated.
Mono: successfully reloaded assembly
- Completed reload, in  3.221 seconds
Platform modules already initialized, skipping
Refreshing native plugins compatible for Editor in 0.87 ms, found 1 plugins.
Preloading 0 native plugins for Editor in 0.00 ms.
Unloading 1836 Unused Serialized files (Serialized files now loaded: 0)
System memory in use before: 85.9 MB.
System memory in use after: 85.9 MB.

Unloading 12 unused Assets to reduce memory usage. Loaded Objects now: 2354.
Total: 20.502400 ms (FindLiveObjects: 0.300200 ms CreateObjectMapping: 0.101400 ms MarkObjects: 3.678400 ms  DeleteObjects: 16.419400 ms)

========================================================================
Received Import Request.
  Time since last request: 206.100288 seconds.
  path: Assets/Scenes/GridMap/scripts/Pathfinding.cs
  artifactKey: Guid(85bc7cdb309dc9846993f162709e2199) Importer(815301076,1909f56bfc062723c751e8b465ee728b)
Start importing Assets/Scenes/GridMap/scripts/Pathfinding.cs using Guid(85bc7cdb309dc9846993f162709e2199) Importer(815301076,1909f56bfc062723c751e8b465ee728b)  -> (artifact id: 'a38ad45bc6582568a3f78609136a02d4') in 0.016535 seconds
  Import took 0.021609 seconds .

========================================================================
Received Prepare
Registering precompiled user dll's ...
Registered in 0.003004 seconds.
Begin MonoManager ReloadAssembly
Native extension for WindowsStandalone target not found
Refreshing native plugins compatible for Editor in 0.43 ms, found 1 plugins.
Preloading 0 native plugins for Editor in 0.00 ms.
Invoked RoslynAnalysisRunner static constructor.
RoslynAnalysisRunner will not be running.
RoslynAnalysisRunner has terminated.
Mono: successfully reloaded assembly
- Completed reload, in  1.910 seconds
Platform modules already initialized, skipping
Refreshing native plugins compatible for Editor in 0.38 ms, found 1 plugins.
Preloading 0 native plugins for Editor in 0.00 ms.
Unloading 1836 Unused Serialized files (Serialized files now loaded: 0)
System memory in use before: 85.9 MB.
System memory in use after: 85.9 MB.

Unloading 12 unused Assets to reduce memory usage. Loaded Objects now: 2358.
Total: 2.865300 ms (FindLiveObjects: 0.248600 ms CreateObjectMapping: 0.089700 ms MarkObjects: 2.288000 ms  DeleteObjects: 0.237800 ms)

========================================================================
Received Prepare
Registering precompiled user dll's ...
Registered in 0.001288 seconds.
Begin MonoManager ReloadAssembly
Native extension for WindowsStandalone target not found
Refreshing native plugins compatible for Editor in 0.41 ms, found 1 plugins.
Preloading 0 native plugins for Editor in 0.00 ms.
Invoked RoslynAnalysisRunner static constructor.
RoslynAnalysisRunner will not be running.
RoslynAnalysisRunner has terminated.
Mono: successfully reloaded assembly
- Completed reload, in  1.362 seconds
Platform modules already initialized, skipping
Refreshing native plugins compatible for Editor in 0.50 ms, found 1 plugins.
Preloading 0 native plugins for Editor in 0.00 ms.
Unloading 1836 Unused Serialized files (Serialized files now loaded: 0)
System memory in use before: 85.9 MB.
System memory in use after: 85.9 MB.

Unloading 12 unused Assets to reduce memory usage. Loaded Objects now: 2362.
Total: 3.058000 ms (FindLiveObjects: 0.254300 ms CreateObjectMapping: 0.099800 ms MarkObjects: 2.519000 ms  DeleteObjects: 0.182800 ms)

========================================================================
Received Import Request.
  Time since last request: 160.101419 seconds.
  path: Assets/Scenes/GridMap/scripts/Pathfinding.cs
  artifactKey: Guid(85bc7cdb309dc9846993f162709e2199) Importer(815301076,1909f56bfc062723c751e8b465ee728b)
Start importing Assets/Scenes/GridMap/scripts/Pathfinding.cs using Guid(85bc7cdb309dc9846993f162709e2199) Importer(815301076,1909f56bfc062723c751e8b465ee728b)  -> (artifact id: '1646609681c03a5fccf7eb25bea7476e') in 0.006838 seconds
  Import took 0.010460 seconds .

========================================================================
Received Prepare
Registering precompiled user dll's ...
Registered in 0.001405 seconds.
Begin MonoManager ReloadAssembly
Native extension for WindowsStandalone target not found
Refreshing native plugins compatible for Editor in 0.40 ms, found 1 plugins.
Preloading 0 native plugins for Editor in 0.00 ms.
Invoked RoslynAnalysisRunner static constructor.
RoslynAnalysisRunner will not be running.
RoslynAnalysisRunner has terminated.
Mono: successfully reloaded assembly
- Completed reload, in  1.126 seconds
Platform modules already initialized, skipping
Refreshing native plugins compatible for Editor in 0.88 ms, found 1 plugins.
Preloading 0 native plugins for Editor in 0.00 ms.
Unloading 1836 Unused Serialized files (Serialized files now loaded: 0)
System memory in use before: 85.9 MB.
System memory in use after: 85.9 MB.

Unloading 12 unused Assets to reduce memory usage. Loaded Objects now: 2366.
Total: 8.590800 ms (FindLiveObjects: 0.288200 ms CreateObjectMapping: 0.814000 ms MarkObjects: 7.353700 ms  DeleteObjects: 0.132900 ms)

========================================================================
Received Import Request.
  Time since last request: 485.288830 seconds.
  path: Assets/Scenes/GridMap/scripts/Pathfinding.cs
  artifactKey: Guid(85bc7cdb309dc9846993f162709e2199) Importer(815301076,1909f56bfc062723c751e8b465ee728b)
Start importing Assets/Scenes/GridMap/scripts/Pathfinding.cs using Guid(85bc7cdb309dc9846993f162709e2199) Importer(815301076,1909f56bfc062723c751e8b465ee728b)  -> (artifact id: '736282830ef1e5128941de14df414f63') in 0.033802 seconds
  Import took 0.043412 seconds .

========================================================================
Received Prepare
Registering precompiled user dll's ...
Registered in 0.001371 seconds.
Begin MonoManager ReloadAssembly
Native extension for WindowsStandalone target not found
Refreshing native plugins compatible for Editor in 0.42 ms, found 1 plugins.
Preloading 0 native plugins for Editor in 0.00 ms.
Invoked RoslynAnalysisRunner static constructor.
RoslynAnalysisRunner will not be running.
RoslynAnalysisRunner has terminated.
Mono: successfully reloaded assembly
- Completed reload, in  1.128 seconds
Platform modules already initialized, skipping
Refreshing native plugins compatible for Editor in 1.15 ms, found 1 plugins.
Preloading 0 native plugins for Editor in 0.00 ms.
Unloading 1836 Unused Serialized files (Serialized files now loaded: 0)
System memory in use before: 85.9 MB.
System memory in use after: 85.9 MB.

Unloading 12 unused Assets to reduce memory usage. Loaded Objects now: 2370.
Total: 8.916600 ms (FindLiveObjects: 0.361200 ms CreateObjectMapping: 0.347500 ms MarkObjects: 7.715700 ms  DeleteObjects: 0.482000 ms)

========================================================================
Received Prepare
Registering precompiled user dll's ...
Registered in 0.001294 seconds.
Begin MonoManager ReloadAssembly
Native extension for WindowsStandalone target not found
Refreshing native plugins compatible for Editor in 0.64 ms, found 1 plugins.
Preloading 0 native plugins for Editor in 0.00 ms.
Invoked RoslynAnalysisRunner static constructor.
RoslynAnalysisRunner will not be running.
RoslynAnalysisRunner has terminated.
Mono: successfully reloaded assembly
- Completed reload, in  1.201 seconds
Platform modules already initialized, skipping
Refreshing native plugins compatible for Editor in 0.53 ms, found 1 plugins.
Preloading 0 native plugins for Editor in 0.00 ms.
Unloading 1836 Unused Serialized files (Serialized files now loaded: 0)
System memory in use before: 85.9 MB.
System memory in use after: 85.9 MB.

Unloading 12 unused Assets to reduce memory usage. Loaded Objects now: 2374.
Total: 2.514400 ms (FindLiveObjects: 0.237400 ms CreateObjectMapping: 0.096000 ms MarkObjects: 2.004900 ms  DeleteObjects: 0.174300 ms)

========================================================================
Received Import Request.
  Time since last request: 8850.249350 seconds.
  path: Assets/Scenes
  artifactKey: Guid(5c1189f0345cbdc45b487a0a98e74e81) Importer(815301076,1909f56bfc062723c751e8b465ee728b)
Start importing Assets/Scenes using Guid(5c1189f0345cbdc45b487a0a98e74e81) Importer(815301076,1909f56bfc062723c751e8b465ee728b)  -> (artifact id: '937d3ef3b1000ba066b6d00b04b47c42') in 0.691302 seconds
  Import took 0.984315 seconds .

========================================================================
Received Import Request.
  Time since last request: 9.798163 seconds.
  path: Assets/Scenes
  artifactKey: Guid(5c1189f0345cbdc45b487a0a98e74e81) Importer(815301076,1909f56bfc062723c751e8b465ee728b)
Start importing Assets/Scenes using Guid(5c1189f0345cbdc45b487a0a98e74e81) Importer(815301076,1909f56bfc062723c751e8b465ee728b)  -> (artifact id: '937d3ef3b1000ba066b6d00b04b47c42') in 0.009991 seconds
  Import took 0.074778 seconds .

========================================================================
Received Prepare
Registering precompiled user dll's ...
Registered in 0.010454 seconds.
Begin MonoManager ReloadAssembly
Native extension for WindowsStandalone target not found
Refreshing native plugins compatible for Editor in 0.79 ms, found 1 plugins.
Preloading 0 native plugins for Editor in 0.00 ms.
Invoked RoslynAnalysisRunner static constructor.
RoslynAnalysisRunner will not be running.
RoslynAnalysisRunner has terminated.
Mono: successfully reloaded assembly
- Completed reload, in  9.582 seconds
Platform modules already initialized, skipping
Refreshing native plugins compatible for Editor in 6.80 ms, found 1 plugins.
Preloading 0 native plugins for Editor in 0.00 ms.
Unloading 1836 Unused Serialized files (Serialized files now loaded: 0)
System memory in use before: 85.9 MB.
System memory in use after: 85.9 MB.

Unloading 12 unused Assets to reduce memory usage. Loaded Objects now: 2378.
Total: 111.776500 ms (FindLiveObjects: 0.279200 ms CreateObjectMapping: 0.256400 ms MarkObjects: 111.035100 ms  DeleteObjects: 0.203500 ms)

========================================================================
Received Prepare
Registering precompiled user dll's ...
Registered in 0.008064 seconds.
Begin MonoManager ReloadAssembly
Native extension for WindowsStandalone target not found
Refreshing native plugins compatible for Editor in 1.95 ms, found 1 plugins.
Preloading 0 native plugins for Editor in 0.00 ms.
Invoked RoslynAnalysisRunner static constructor.
RoslynAnalysisRunner will not be running.
RoslynAnalysisRunner has terminated.
Mono: successfully reloaded assembly
- Completed reload, in  5.512 seconds
Platform modules already initialized, skipping
Refreshing native plugins compatible for Editor in 0.45 ms, found 1 plugins.
Preloading 0 native plugins for Editor in 0.00 ms.
Unloading 1836 Unused Serialized files (Serialized files now loaded: 0)
System memory in use before: 85.9 MB.
System memory in use after: 85.9 MB.

Unloading 12 unused Assets to reduce memory usage. Loaded Objects now: 2382.
Total: 3.313200 ms (FindLiveObjects: 0.261900 ms CreateObjectMapping: 0.089500 ms MarkObjects: 2.777100 ms  DeleteObjects: 0.182900 ms)

========================================================================
Received Prepare
Registering precompiled user dll's ...
Registered in 0.001576 seconds.
Begin MonoManager ReloadAssembly
Native extension for WindowsStandalone target not found
Refreshing native plugins compatible for Editor in 0.95 ms, found 1 plugins.
Preloading 0 native plugins for Editor in 0.00 ms.
Invoked RoslynAnalysisRunner static constructor.
RoslynAnalysisRunner will not be running.
RoslynAnalysisRunner has terminated.
Mono: successfully reloaded assembly
- Completed reload, in  6.862 seconds
Platform modules already initialized, skipping
Refreshing native plugins compatible for Editor in 0.66 ms, found 1 plugins.
Preloading 0 native plugins for Editor in 0.00 ms.
Unloading 1836 Unused Serialized files (Serialized files now loaded: 0)
System memory in use before: 85.9 MB.
System memory in use after: 85.9 MB.

Unloading 12 unused Assets to reduce memory usage. Loaded Objects now: 2386.
Total: 2.880400 ms (FindLiveObjects: 0.256300 ms CreateObjectMapping: 0.088900 ms MarkObjects: 2.366400 ms  DeleteObjects: 0.166900 ms)

========================================================================
Received Prepare
Registering precompiled user dll's ...
Registered in 0.005389 seconds.
Begin MonoManager ReloadAssembly
Native extension for WindowsStandalone target not found
Refreshing native plugins compatible for Editor in 0.43 ms, found 1 plugins.
Preloading 0 native plugins for Editor in 0.00 ms.
Invoked RoslynAnalysisRunner static constructor.
RoslynAnalysisRunner will not be running.
RoslynAnalysisRunner has terminated.
Mono: successfully reloaded assembly
- Completed reload, in  2.835 seconds
Platform modules already initialized, skipping
Refreshing native plugins compatible for Editor in 0.60 ms, found 1 plugins.
Preloading 0 native plugins for Editor in 0.00 ms.
Unloading 1836 Unused Serialized files (Serialized files now loaded: 0)
System memory in use before: 85.9 MB.
System memory in use after: 85.9 MB.

Unloading 12 unused Assets to reduce memory usage. Loaded Objects now: 2390.
Total: 3.978800 ms (FindLiveObjects: 0.238300 ms CreateObjectMapping: 0.182400 ms MarkObjects: 2.929500 ms  DeleteObjects: 0.626900 ms)

========================================================================
Received Import Request.
  Time since last request: 8141.514324 seconds.
  path: Assets/Scenes/load scene.unity
  artifactKey: Guid(55933407acc3fe940958c68721867b32) Importer(815301076,1909f56bfc062723c751e8b465ee728b)
Start importing Assets/Scenes/load scene.unity using Guid(55933407acc3fe940958c68721867b32) Importer(815301076,1909f56bfc062723c751e8b465ee728b)  -> (artifact id: '2ab4727d553b8bfae73b9c4613ebcb19') in 0.663518 seconds
  Import took 0.774986 seconds .

